<?xml version="1.0" encoding="UTF-8"?>
<testng-results ignored="0" total="8" passed="6" failed="2" skipped="0">
  <reporter-output>
  </reporter-output>
  <suite started-at="2025-05-09T16:32:06 EEST" name="AutomationExerciseSuite" finished-at="2025-05-09T16:36:36 EEST" duration-ms="270362">
    <groups>
    </groups>
    <test started-at="2025-05-09T16:32:06 EEST" name="AutomationTests" finished-at="2025-05-09T16:36:36 EEST" duration-ms="270362">
      <class name="Tests.TC25">
        <test-method is-config="true" signature="setUp()[pri:0, instance:Tests.TC25@79079097]" started-at="2025-05-09T16:35:58 EEST" name="setUp" finished-at="2025-05-09T16:36:01 EEST" duration-ms="3207" status="PASS">
          <reporter-output>
          </reporter-output>
        </test-method> <!-- setUp -->
        <test-method signature="testScrollFunctionality()[pri:0, instance:Tests.TC25@79079097]" started-at="2025-05-09T16:36:01 EEST" name="testScrollFunctionality" finished-at="2025-05-09T16:36:17 EEST" duration-ms="16020" status="PASS">
          <reporter-output>
          </reporter-output>
        </test-method> <!-- testScrollFunctionality -->
        <test-method is-config="true" signature="tearDown()[pri:0, instance:Tests.TC25@79079097]" started-at="2025-05-09T16:36:17 EEST" name="tearDown" finished-at="2025-05-09T16:36:18 EEST" duration-ms="740" status="PASS">
          <reporter-output>
          </reporter-output>
        </test-method> <!-- tearDown -->
      </class> <!-- Tests.TC25 -->
      <class name="Tests.TestCase19">
        <test-method is-config="true" signature="setUp()[pri:0, instance:Tests.TestCase19@1fa121e2]" started-at="2025-05-09T16:32:24 EEST" name="setUp" finished-at="2025-05-09T16:32:42 EEST" duration-ms="18606" status="PASS">
          <reporter-output>
          </reporter-output>
        </test-method> <!-- setUp -->
        <test-method signature="testBrandPages()[pri:0, instance:Tests.TestCase19@1fa121e2]" started-at="2025-05-09T16:32:42 EEST" name="testBrandPages" finished-at="2025-05-09T16:33:11 EEST" duration-ms="28532" status="PASS">
          <reporter-output>
          </reporter-output>
        </test-method> <!-- testBrandPages -->
        <test-method is-config="true" signature="tearDown()[pri:0, instance:Tests.TestCase19@1fa121e2]" started-at="2025-05-09T16:36:35 EEST" name="tearDown" finished-at="2025-05-09T16:36:36 EEST" duration-ms="863" status="PASS">
          <reporter-output>
          </reporter-output>
        </test-method> <!-- tearDown -->
      </class> <!-- Tests.TestCase19 -->
      <class name="Tests.TC24">
        <test-method is-config="true" signature="setUp()[pri:0, instance:Tests.TC24@3bf7ca37]" started-at="2025-05-09T16:35:09 EEST" name="setUp" finished-at="2025-05-09T16:35:15 EEST" duration-ms="5439" status="PASS">
          <reporter-output>
          </reporter-output>
        </test-method> <!-- setUp -->
        <test-method signature="testDownloadInvoice()[pri:0, instance:Tests.TC24@3bf7ca37]" started-at="2025-05-09T16:35:15 EEST" name="testDownloadInvoice" finished-at="2025-05-09T16:35:52 EEST" duration-ms="37178" status="FAIL">
          <exception class="org.openqa.selenium.TimeoutException">
            <message>
              <![CDATA[Expected condition failed: waiting for visibility of element located by By.id: id_gender2 (tried for 10 second(s) with 500 milliseconds interval)
Build info: version: '4.20.0', revision: '866c76ca80'
System info: os.name: 'Windows 10', os.arch: 'amd64', os.version: '10.0', java.version: '23.0.1'
Driver info: org.openqa.selenium.chrome.ChromeDriver
Capabilities {acceptInsecureCerts: false, browserName: chrome, browserVersion: 136.0.7103.93, chrome: {chromedriverVersion: 136.0.7103.49 (031848bc6ad0..., userDataDir: C:\Users\Dell\AppData\Local...}, fedcm:accounts: true, goog:chromeOptions: {debuggerAddress: localhost:59759}, networkConnectionEnabled: false, pageLoadStrategy: normal, platformName: windows, proxy: Proxy(), se:cdp: ws://localhost:59759/devtoo..., se:cdpVersion: 136.0.7103.93, setWindowRect: true, strictFileInteractability: false, timeouts: {implicit: 0, pageLoad: 300000, script: 30000}, unhandledPromptBehavior: dismiss and notify, webauthn:extension:credBlob: true, webauthn:extension:largeBlob: true, webauthn:extension:minPinLength: true, webauthn:extension:prf: true, webauthn:virtualAuthenticators: true}
Session ID: 66056b939433f55cdbfbea95235685f2]]>
            </message>
            <full-stacktrace>
              <![CDATA[org.openqa.selenium.TimeoutException: Expected condition failed: waiting for visibility of element located by By.id: id_gender2 (tried for 10 second(s) with 500 milliseconds interval)
Build info: version: '4.20.0', revision: '866c76ca80'
System info: os.name: 'Windows 10', os.arch: 'amd64', os.version: '10.0', java.version: '23.0.1'
Driver info: org.openqa.selenium.chrome.ChromeDriver
Capabilities {acceptInsecureCerts: false, browserName: chrome, browserVersion: 136.0.7103.93, chrome: {chromedriverVersion: 136.0.7103.49 (031848bc6ad0..., userDataDir: C:\Users\Dell\AppData\Local...}, fedcm:accounts: true, goog:chromeOptions: {debuggerAddress: localhost:59759}, networkConnectionEnabled: false, pageLoadStrategy: normal, platformName: windows, proxy: Proxy(), se:cdp: ws://localhost:59759/devtoo..., se:cdpVersion: 136.0.7103.93, setWindowRect: true, strictFileInteractability: false, timeouts: {implicit: 0, pageLoad: 300000, script: 30000}, unhandledPromptBehavior: dismiss and notify, webauthn:extension:credBlob: true, webauthn:extension:largeBlob: true, webauthn:extension:minPinLength: true, webauthn:extension:prf: true, webauthn:virtualAuthenticators: true}
Session ID: 66056b939433f55cdbfbea95235685f2
at org.openqa.selenium.support.ui.WebDriverWait.timeoutException(WebDriverWait.java:84)
at org.openqa.selenium.support.ui.FluentWait.until(FluentWait.java:228)
at Tests.TC24.testDownloadInvoice(TC24.java:77)
at java.base/jdk.internal.reflect.DirectMethodHandleAccessor.invoke(DirectMethodHandleAccessor.java:103)
at java.base/java.lang.reflect.Method.invoke(Method.java:580)
at org.testng.internal.invokers.MethodInvocationHelper.invokeMethod(MethodInvocationHelper.java:139)
at org.testng.internal.invokers.TestInvoker.invokeMethod(TestInvoker.java:664)
at org.testng.internal.invokers.TestInvoker.invokeTestMethod(TestInvoker.java:228)
at org.testng.internal.invokers.MethodRunner.runInSequence(MethodRunner.java:63)
at org.testng.internal.invokers.TestInvoker$MethodInvocationAgent.invoke(TestInvoker.java:961)
at org.testng.internal.invokers.TestInvoker.invokeTestMethods(TestInvoker.java:201)
at org.testng.internal.invokers.TestMethodWorker.invokeTestMethods(TestMethodWorker.java:148)
at org.testng.internal.invokers.TestMethodWorker.run(TestMethodWorker.java:128)
at java.base/java.util.ArrayList.forEach(ArrayList.java:1597)
at org.testng.TestRunner.privateRun(TestRunner.java:819)
at org.testng.TestRunner.run(TestRunner.java:619)
at org.testng.SuiteRunner.runTest(SuiteRunner.java:443)
at org.testng.SuiteRunner.runSequentially(SuiteRunner.java:437)
at org.testng.SuiteRunner.privateRun(SuiteRunner.java:397)
at org.testng.SuiteRunner.run(SuiteRunner.java:336)
at org.testng.SuiteRunnerWorker.runSuite(SuiteRunnerWorker.java:52)
at org.testng.SuiteRunnerWorker.run(SuiteRunnerWorker.java:95)
at org.testng.TestNG.runSuitesSequentially(TestNG.java:1301)
at org.testng.TestNG.runSuitesLocally(TestNG.java:1228)
at org.testng.TestNG.runSuites(TestNG.java:1134)
at org.testng.TestNG.run(TestNG.java:1101)
at org.testng.remote.AbstractRemoteTestNG.run(AbstractRemoteTestNG.java:115)
at org.testng.remote.RemoteTestNG.initAndRun(RemoteTestNG.java:293)
at org.testng.remote.RemoteTestNG.main(RemoteTestNG.java:91)
]]>
            </full-stacktrace>
          </exception> <!-- org.openqa.selenium.TimeoutException -->
          <reporter-output>
          </reporter-output>
        </test-method> <!-- testDownloadInvoice -->
        <test-method is-config="true" signature="tearDown()[pri:0, instance:Tests.TC24@3bf7ca37]" started-at="2025-05-09T16:35:52 EEST" name="tearDown" finished-at="2025-05-09T16:35:58 EEST" duration-ms="5598" status="PASS">
          <reporter-output>
          </reporter-output>
        </test-method> <!-- tearDown -->
      </class> <!-- Tests.TC24 -->
      <class name="Tests.TC23">
        <test-method is-config="true" signature="setupReport()[pri:0, instance:Tests.TC23@3c9754d8]" started-at="2025-05-09T16:32:21 EEST" name="setupReport" finished-at="2025-05-09T16:32:24 EEST" duration-ms="2099" status="PASS">
          <reporter-output>
          </reporter-output>
        </test-method> <!-- setupReport -->
        <test-method is-config="true" signature="setupBrowser()[pri:0, instance:Tests.TC23@3c9754d8]" started-at="2025-05-09T16:34:33 EEST" name="setupBrowser" finished-at="2025-05-09T16:34:38 EEST" duration-ms="5300" status="PASS">
          <reporter-output>
          </reporter-output>
        </test-method> <!-- setupBrowser -->
        <test-method signature="verifyAddressDetails()[pri:0, instance:Tests.TC23@3c9754d8]" started-at="2025-05-09T16:34:38 EEST" name="verifyAddressDetails" finished-at="2025-05-09T16:35:09 EEST" duration-ms="31224" status="FAIL">
          <exception class="java.lang.AssertionError">
            <message>
              <![CDATA[expected [true] but found [false]]]>
            </message>
            <full-stacktrace>
              <![CDATA[java.lang.AssertionError: expected [true] but found [false]
at org.testng.Assert.fail(Assert.java:111)
at org.testng.Assert.failNotEquals(Assert.java:1578)
at org.testng.Assert.assertTrue(Assert.java:57)
at org.testng.Assert.assertTrue(Assert.java:67)
at Tests.TC23.verifyAddressDetails(TC23.java:89)
at java.base/jdk.internal.reflect.DirectMethodHandleAccessor.invoke(DirectMethodHandleAccessor.java:103)
at java.base/java.lang.reflect.Method.invoke(Method.java:580)
at org.testng.internal.invokers.MethodInvocationHelper.invokeMethod(MethodInvocationHelper.java:139)
at org.testng.internal.invokers.TestInvoker.invokeMethod(TestInvoker.java:664)
at org.testng.internal.invokers.TestInvoker.invokeTestMethod(TestInvoker.java:228)
at org.testng.internal.invokers.MethodRunner.runInSequence(MethodRunner.java:63)
at org.testng.internal.invokers.TestInvoker$MethodInvocationAgent.invoke(TestInvoker.java:961)
at org.testng.internal.invokers.TestInvoker.invokeTestMethods(TestInvoker.java:201)
at org.testng.internal.invokers.TestMethodWorker.invokeTestMethods(TestMethodWorker.java:148)
at org.testng.internal.invokers.TestMethodWorker.run(TestMethodWorker.java:128)
at java.base/java.util.ArrayList.forEach(ArrayList.java:1597)
at org.testng.TestRunner.privateRun(TestRunner.java:819)
at org.testng.TestRunner.run(TestRunner.java:619)
at org.testng.SuiteRunner.runTest(SuiteRunner.java:443)
at org.testng.SuiteRunner.runSequentially(SuiteRunner.java:437)
at org.testng.SuiteRunner.privateRun(SuiteRunner.java:397)
at org.testng.SuiteRunner.run(SuiteRunner.java:336)
at org.testng.SuiteRunnerWorker.runSuite(SuiteRunnerWorker.java:52)
at org.testng.SuiteRunnerWorker.run(SuiteRunnerWorker.java:95)
at org.testng.TestNG.runSuitesSequentially(TestNG.java:1301)
at org.testng.TestNG.runSuitesLocally(TestNG.java:1228)
at org.testng.TestNG.runSuites(TestNG.java:1134)
at org.testng.TestNG.run(TestNG.java:1101)
at org.testng.remote.AbstractRemoteTestNG.run(AbstractRemoteTestNG.java:115)
at org.testng.remote.RemoteTestNG.initAndRun(RemoteTestNG.java:293)
at org.testng.remote.RemoteTestNG.main(RemoteTestNG.java:91)
]]>
            </full-stacktrace>
          </exception> <!-- java.lang.AssertionError -->
          <reporter-output>
          </reporter-output>
        </test-method> <!-- verifyAddressDetails -->
        <test-method is-config="true" signature="tearDownReport()[pri:0, instance:Tests.TC23@3c9754d8]" started-at="2025-05-09T16:36:35 EEST" name="tearDownReport" finished-at="2025-05-09T16:36:35 EEST" duration-ms="103" status="PASS">
          <reporter-output>
          </reporter-output>
        </test-method> <!-- tearDownReport -->
      </class> <!-- Tests.TC23 -->
      <class name="Tests.TC22">
        <test-method is-config="true" signature="setUp()[pri:0, instance:Tests.TC22@7c6908d7]" started-at="2025-05-09T16:34:11 EEST" name="setUp" finished-at="2025-05-09T16:34:13 EEST" duration-ms="2495" status="PASS">
          <reporter-output>
          </reporter-output>
        </test-method> <!-- setUp -->
        <test-method signature="addRecommendedItemToCart()[pri:0, instance:Tests.TC22@7c6908d7]" started-at="2025-05-09T16:34:13 EEST" name="addRecommendedItemToCart" finished-at="2025-05-09T16:34:33 EEST" duration-ms="19657" status="PASS">
          <reporter-output>
          </reporter-output>
        </test-method> <!-- addRecommendedItemToCart -->
      </class> <!-- Tests.TC22 -->
      <class name="Tests.TC21">
        <test-method is-config="true" signature="setUp()[pri:0, instance:Tests.TC21@198b6731]" started-at="2025-05-09T16:32:06 EEST" name="setUp" finished-at="2025-05-09T16:32:21 EEST" duration-ms="15550" status="PASS">
          <reporter-output>
          </reporter-output>
        </test-method> <!-- setUp -->
        <test-method signature="addProductToCart()[pri:0, instance:Tests.TC21@198b6731]" started-at="2025-05-09T16:33:55 EEST" name="addProductToCart" finished-at="2025-05-09T16:34:11 EEST" duration-ms="15726" status="PASS">
          <reporter-output>
          </reporter-output>
        </test-method> <!-- addProductToCart -->
      </class> <!-- Tests.TC21 -->
      <class name="Tests.TC20_SearchAndCartAfterLogin">
        <test-method is-config="true" signature="setUp()[pri:0, instance:Tests.TC20_SearchAndCartAfterLogin@3857f613]" started-at="2025-05-09T16:33:11 EEST" name="setUp" finished-at="2025-05-09T16:33:26 EEST" duration-ms="15338" status="PASS">
          <reporter-output>
          </reporter-output>
        </test-method> <!-- setUp -->
        <test-method signature="searchAndAddToCartAfterLogin()[pri:0, instance:Tests.TC20_SearchAndCartAfterLogin@3857f613]" started-at="2025-05-09T16:33:26 EEST" name="searchAndAddToCartAfterLogin" finished-at="2025-05-09T16:33:46 EEST" duration-ms="20026" status="PASS">
          <reporter-output>
          </reporter-output>
        </test-method> <!-- searchAndAddToCartAfterLogin -->
        <test-method is-config="true" signature="tearDown()[pri:0, instance:Tests.TC20_SearchAndCartAfterLogin@3857f613]" started-at="2025-05-09T16:33:46 EEST" name="tearDown" finished-at="2025-05-09T16:33:55 EEST" duration-ms="8808" status="PASS">
          <reporter-output>
          </reporter-output>
        </test-method> <!-- tearDown -->
      </class> <!-- Tests.TC20_SearchAndCartAfterLogin -->
      <class name="Tests.TC26">
        <test-method is-config="true" signature="setUp()[pri:0, instance:Tests.TC26@4d1c00d0]" started-at="2025-05-09T16:36:18 EEST" name="setUp" finished-at="2025-05-09T16:36:19 EEST" duration-ms="1726" status="PASS">
          <reporter-output>
          </reporter-output>
        </test-method> <!-- setUp -->
        <test-method signature="testScrollWithoutArrow()[pri:0, instance:Tests.TC26@4d1c00d0]" started-at="2025-05-09T16:36:19 EEST" name="testScrollWithoutArrow" finished-at="2025-05-09T16:36:34 EEST" duration-ms="15176" status="PASS">
          <reporter-output>
          </reporter-output>
        </test-method> <!-- testScrollWithoutArrow -->
        <test-method is-config="true" signature="tearDown()[pri:0, instance:Tests.TC26@4d1c00d0]" started-at="2025-05-09T16:36:34 EEST" name="tearDown" finished-at="2025-05-09T16:36:35 EEST" duration-ms="785" status="PASS">
          <reporter-output>
          </reporter-output>
        </test-method> <!-- tearDown -->
      </class> <!-- Tests.TC26 -->
    </test> <!-- AutomationTests -->
  </suite> <!-- AutomationExerciseSuite -->
</testng-results>
